\BOOKMARK [0][-]{chapter.1}{\376\377\000S\000t\000r\000o\000n\000a\000\040\000g\001\102\000\363\000w\000n\000a}{}% 1
\BOOKMARK [0][-]{chapter.2}{\376\377\000I\000n\000d\000e\000k\000s\000\040\000h\000i\000e\000r\000a\000r\000c\000h\000i\000c\000z\000n\000y}{}% 2
\BOOKMARK [1][-]{section.2.1}{\376\377\000H\000i\000e\000r\000a\000r\000c\000h\000i\000a\000\040\000k\000l\000a\000s}{chapter.2}% 3
\BOOKMARK [0][-]{chapter.3}{\376\377\000I\000n\000d\000e\000k\000s\000\040\000k\000l\000a\000s}{}% 4
\BOOKMARK [1][-]{section.3.1}{\376\377\000L\000i\000s\000t\000a\000\040\000k\000l\000a\000s}{chapter.3}% 5
\BOOKMARK [0][-]{chapter.4}{\376\377\000I\000n\000d\000e\000k\000s\000\040\000p\000l\000i\000k\000\363\000w}{}% 6
\BOOKMARK [1][-]{section.4.1}{\376\377\000L\000i\000s\000t\000a\000\040\000p\000l\000i\000k\000\363\000w}{chapter.4}% 7
\BOOKMARK [0][-]{chapter.5}{\376\377\000D\000o\000k\000u\000m\000e\000n\000t\000a\000c\000j\000a\000\040\000k\000l\000a\000s}{}% 8
\BOOKMARK [1][-]{section.5.1}{\376\377\000D\000o\000k\000u\000m\000e\000n\000t\000a\000c\000j\000a\000\040\000s\000z\000a\000b\000l\000o\000n\000u\000\040\000k\000l\000a\000s\000y\000\040\000B\000e\000n\000c\000h\000m\000a\000r\000k\000<\000\040\000T\000\040\000>}{chapter.5}% 9
\BOOKMARK [1][-]{section.5.2}{\376\377\000D\000o\000k\000u\000m\000e\000n\000t\000a\000c\000j\000a\000\040\000s\000z\000a\000b\000l\000o\000n\000u\000\040\000k\000l\000a\000s\000y\000\040\000E\000l\000e\000m\000e\000n\000t\000<\000\040\000T\000\040\000>}{chapter.5}% 10
\BOOKMARK [2][-]{subsection.5.2.1}{\376\377\000O\000p\000i\000s\000\040\000s\000z\000c\000z\000e\000g\000\363\001\102\000o\000w\000y}{section.5.2}% 11
\BOOKMARK [2][-]{subsection.5.2.2}{\376\377\000D\000o\000k\000u\000m\000e\000n\000t\000a\000c\000j\000a\000\040\000k\000o\000n\000s\000t\000r\000u\000k\000t\000o\000r\000a\000\040\000i\000\040\000d\000e\000s\000t\000r\000u\000k\000t\000o\000r\000a}{section.5.2}% 12
\BOOKMARK [3][-]{subsubsection.5.2.2.1}{\376\377\000E\000l\000e\000m\000e\000n\000t}{subsection.5.2.2}% 13
\BOOKMARK [3][-]{subsubsection.5.2.2.2}{\376\377\000E\000l\000e\000m\000e\000n\000t}{subsection.5.2.2}% 14
\BOOKMARK [2][-]{subsection.5.2.3}{\376\377\000D\000o\000k\000u\000m\000e\000n\000t\000a\000c\000j\000a\000\040\000f\000u\000n\000k\000c\000j\000i\000\040\000s\000k\001\102\000a\000d\000o\000w\000y\000c\000h}{section.5.2}% 15
\BOOKMARK [3][-]{subsubsection.5.2.3.1}{\376\377\000g\000e\000t\000D\000a\000t\000a}{subsection.5.2.3}% 16
\BOOKMARK [3][-]{subsubsection.5.2.3.2}{\376\377\000n\000e\000x\000t}{subsection.5.2.3}% 17
\BOOKMARK [3][-]{subsubsection.5.2.3.3}{\376\377\000p\000r\000e\000v}{subsection.5.2.3}% 18
\BOOKMARK [3][-]{subsubsection.5.2.3.4}{\376\377\000s\000e\000t\000D\000a\000t\000a}{subsection.5.2.3}% 19
\BOOKMARK [3][-]{subsubsection.5.2.3.5}{\376\377\000s\000e\000t\000N\000e\000x\000t}{subsection.5.2.3}% 20
\BOOKMARK [3][-]{subsubsection.5.2.3.6}{\376\377\000s\000e\000t\000P\000r\000e\000v}{subsection.5.2.3}% 21
\BOOKMARK [1][-]{section.5.3}{\376\377\000D\000o\000k\000u\000m\000e\000n\000t\000a\000c\000j\000a\000\040\000s\000z\000a\000b\000l\000o\000n\000u\000\040\000k\000l\000a\000s\000y\000\040\000A\000r\000r\000a\000y\000I\000m\000p\000l\000e\000m\000e\000n\000t\000a\000t\000i\000o\000n\000:\000:\000L\000i\000s\000t\000<\000\040\000T\000\040\000>}{chapter.5}% 22
\BOOKMARK [2][-]{subsection.5.3.1}{\376\377\000O\000p\000i\000s\000\040\000s\000z\000c\000z\000e\000g\000\363\001\102\000o\000w\000y}{section.5.3}% 23
\BOOKMARK [2][-]{subsection.5.3.2}{\376\377\000D\000o\000k\000u\000m\000e\000n\000t\000a\000c\000j\000a\000\040\000k\000o\000n\000s\000t\000r\000u\000k\000t\000o\000r\000a\000\040\000i\000\040\000d\000e\000s\000t\000r\000u\000k\000t\000o\000r\000a}{section.5.3}% 24
\BOOKMARK [3][-]{subsubsection.5.3.2.1}{\376\377\000L\000i\000s\000t}{subsection.5.3.2}% 25
\BOOKMARK [3][-]{subsubsection.5.3.2.2}{\376\377\000L\000i\000s\000t}{subsection.5.3.2}% 26
\BOOKMARK [2][-]{subsection.5.3.3}{\376\377\000D\000o\000k\000u\000m\000e\000n\000t\000a\000c\000j\000a\000\040\000f\000u\000n\000k\000c\000j\000i\000\040\000s\000k\001\102\000a\000d\000o\000w\000y\000c\000h}{section.5.3}% 27
\BOOKMARK [3][-]{subsubsection.5.3.3.1}{\376\377\000i\000s\000E\000m\000p\000t\000y}{subsection.5.3.3}% 28
\BOOKMARK [3][-]{subsubsection.5.3.3.2}{\376\377\000p\000o\000p}{subsection.5.3.3}% 29
\BOOKMARK [3][-]{subsubsection.5.3.3.3}{\376\377\000p\000u\000s\000h}{subsection.5.3.3}% 30
\BOOKMARK [3][-]{subsubsection.5.3.3.4}{\376\377\000s\000i\000z\000e}{subsection.5.3.3}% 31
\BOOKMARK [1][-]{section.5.4}{\376\377\000D\000o\000k\000u\000m\000e\000n\000t\000a\000c\000j\000a\000\040\000s\000z\000a\000b\000l\000o\000n\000u\000\040\000k\000l\000a\000s\000y\000\040\000L\000i\000s\000t\000I\000m\000p\000l\000e\000m\000e\000n\000t\000a\000t\000i\000o\000n\000:\000:\000L\000i\000s\000t\000<\000\040\000T\000\040\000>}{chapter.5}% 32
\BOOKMARK [2][-]{subsection.5.4.1}{\376\377\000O\000p\000i\000s\000\040\000s\000z\000c\000z\000e\000g\000\363\001\102\000o\000w\000y}{section.5.4}% 33
\BOOKMARK [2][-]{subsection.5.4.2}{\376\377\000D\000o\000k\000u\000m\000e\000n\000t\000a\000c\000j\000a\000\040\000k\000o\000n\000s\000t\000r\000u\000k\000t\000o\000r\000a\000\040\000i\000\040\000d\000e\000s\000t\000r\000u\000k\000t\000o\000r\000a}{section.5.4}% 34
\BOOKMARK [3][-]{subsubsection.5.4.2.1}{\376\377\000L\000i\000s\000t}{subsection.5.4.2}% 35
\BOOKMARK [2][-]{subsection.5.4.3}{\376\377\000D\000o\000k\000u\000m\000e\000n\000t\000a\000c\000j\000a\000\040\000f\000u\000n\000k\000c\000j\000i\000\040\000s\000k\001\102\000a\000d\000o\000w\000y\000c\000h}{section.5.4}% 36
\BOOKMARK [3][-]{subsubsection.5.4.3.1}{\376\377\000i\000s\000E\000m\000p\000t\000y}{subsection.5.4.3}% 37
\BOOKMARK [3][-]{subsubsection.5.4.3.2}{\376\377\000p\000o\000p}{subsection.5.4.3}% 38
\BOOKMARK [3][-]{subsubsection.5.4.3.3}{\376\377\000p\000u\000s\000h}{subsection.5.4.3}% 39
\BOOKMARK [3][-]{subsubsection.5.4.3.4}{\376\377\000s\000i\000z\000e}{subsection.5.4.3}% 40
\BOOKMARK [1][-]{section.5.5}{\376\377\000D\000o\000k\000u\000m\000e\000n\000t\000a\000c\000j\000a\000\040\000s\000z\000a\000b\000l\000o\000n\000u\000\040\000k\000l\000a\000s\000y\000\040\000A\000r\000r\000a\000y\000I\000m\000p\000l\000e\000m\000e\000n\000t\000a\000t\000i\000o\000n\000:\000:\000Q\000u\000e\000u\000e\000<\000\040\000T\000\040\000>}{chapter.5}% 41
\BOOKMARK [2][-]{subsection.5.5.1}{\376\377\000O\000p\000i\000s\000\040\000s\000z\000c\000z\000e\000g\000\363\001\102\000o\000w\000y}{section.5.5}% 42
\BOOKMARK [2][-]{subsection.5.5.2}{\376\377\000D\000o\000k\000u\000m\000e\000n\000t\000a\000c\000j\000a\000\040\000k\000o\000n\000s\000t\000r\000u\000k\000t\000o\000r\000a\000\040\000i\000\040\000d\000e\000s\000t\000r\000u\000k\000t\000o\000r\000a}{section.5.5}% 43
\BOOKMARK [3][-]{subsubsection.5.5.2.1}{\376\377\000Q\000u\000e\000u\000e}{subsection.5.5.2}% 44
\BOOKMARK [2][-]{subsection.5.5.3}{\376\377\000D\000o\000k\000u\000m\000e\000n\000t\000a\000c\000j\000a\000\040\000f\000u\000n\000k\000c\000j\000i\000\040\000s\000k\001\102\000a\000d\000o\000w\000y\000c\000h}{section.5.5}% 45
\BOOKMARK [3][-]{subsubsection.5.5.3.1}{\376\377\000p\000o\000p}{subsection.5.5.3}% 46
\BOOKMARK [3][-]{subsubsection.5.5.3.2}{\376\377\000p\000u\000s\000h}{subsection.5.5.3}% 47
\BOOKMARK [1][-]{section.5.6}{\376\377\000D\000o\000k\000u\000m\000e\000n\000t\000a\000c\000j\000a\000\040\000s\000z\000a\000b\000l\000o\000n\000u\000\040\000k\000l\000a\000s\000y\000\040\000L\000i\000s\000t\000I\000m\000p\000l\000e\000m\000e\000n\000t\000a\000t\000i\000o\000n\000:\000:\000Q\000u\000e\000u\000e\000<\000\040\000T\000\040\000>}{chapter.5}% 48
\BOOKMARK [2][-]{subsection.5.6.1}{\376\377\000O\000p\000i\000s\000\040\000s\000z\000c\000z\000e\000g\000\363\001\102\000o\000w\000y}{section.5.6}% 49
\BOOKMARK [2][-]{subsection.5.6.2}{\376\377\000D\000o\000k\000u\000m\000e\000n\000t\000a\000c\000j\000a\000\040\000f\000u\000n\000k\000c\000j\000i\000\040\000s\000k\001\102\000a\000d\000o\000w\000y\000c\000h}{section.5.6}% 50
\BOOKMARK [3][-]{subsubsection.5.6.2.1}{\376\377\000p\000o\000p}{subsection.5.6.2}% 51
\BOOKMARK [3][-]{subsubsection.5.6.2.2}{\376\377\000p\000u\000s\000h}{subsection.5.6.2}% 52
\BOOKMARK [1][-]{section.5.7}{\376\377\000D\000o\000k\000u\000m\000e\000n\000t\000a\000c\000j\000a\000\040\000s\000z\000a\000b\000l\000o\000n\000u\000\040\000k\000l\000a\000s\000y\000\040\000L\000i\000s\000t\000I\000m\000p\000l\000e\000m\000e\000n\000t\000a\000t\000i\000o\000n\000:\000:\000S\000t\000a\000c\000k\000<\000\040\000T\000\040\000>}{chapter.5}% 53
\BOOKMARK [2][-]{subsection.5.7.1}{\376\377\000O\000p\000i\000s\000\040\000s\000z\000c\000z\000e\000g\000\363\001\102\000o\000w\000y}{section.5.7}% 54
\BOOKMARK [2][-]{subsection.5.7.2}{\376\377\000D\000o\000k\000u\000m\000e\000n\000t\000a\000c\000j\000a\000\040\000f\000u\000n\000k\000c\000j\000i\000\040\000s\000k\001\102\000a\000d\000o\000w\000y\000c\000h}{section.5.7}% 55
\BOOKMARK [3][-]{subsubsection.5.7.2.1}{\376\377\000p\000o\000p}{subsection.5.7.2}% 56
\BOOKMARK [3][-]{subsubsection.5.7.2.2}{\376\377\000p\000u\000s\000h}{subsection.5.7.2}% 57
\BOOKMARK [1][-]{section.5.8}{\376\377\000D\000o\000k\000u\000m\000e\000n\000t\000a\000c\000j\000a\000\040\000s\000z\000a\000b\000l\000o\000n\000u\000\040\000k\000l\000a\000s\000y\000\040\000A\000r\000r\000a\000y\000I\000m\000p\000l\000e\000m\000e\000n\000t\000a\000t\000i\000o\000n\000:\000:\000S\000t\000a\000c\000k\000<\000\040\000T\000\040\000>}{chapter.5}% 58
\BOOKMARK [2][-]{subsection.5.8.1}{\376\377\000O\000p\000i\000s\000\040\000s\000z\000c\000z\000e\000g\000\363\001\102\000o\000w\000y}{section.5.8}% 59
\BOOKMARK [2][-]{subsection.5.8.2}{\376\377\000D\000o\000k\000u\000m\000e\000n\000t\000a\000c\000j\000a\000\040\000k\000o\000n\000s\000t\000r\000u\000k\000t\000o\000r\000a\000\040\000i\000\040\000d\000e\000s\000t\000r\000u\000k\000t\000o\000r\000a}{section.5.8}% 60
\BOOKMARK [3][-]{subsubsection.5.8.2.1}{\376\377\000S\000t\000a\000c\000k}{subsection.5.8.2}% 61
\BOOKMARK [2][-]{subsection.5.8.3}{\376\377\000D\000o\000k\000u\000m\000e\000n\000t\000a\000c\000j\000a\000\040\000f\000u\000n\000k\000c\000j\000i\000\040\000s\000k\001\102\000a\000d\000o\000w\000y\000c\000h}{section.5.8}% 62
\BOOKMARK [3][-]{subsubsection.5.8.3.1}{\376\377\000i\000s\000E\000m\000p\000t\000y}{subsection.5.8.3}% 63
\BOOKMARK [3][-]{subsubsection.5.8.3.2}{\376\377\000p\000o\000p}{subsection.5.8.3}% 64
\BOOKMARK [3][-]{subsubsection.5.8.3.3}{\376\377\000p\000u\000s\000h}{subsection.5.8.3}% 65
\BOOKMARK [3][-]{subsubsection.5.8.3.4}{\376\377\000s\000i\000z\000e}{subsection.5.8.3}% 66
\BOOKMARK [1][-]{section.5.9}{\376\377\000D\000o\000k\000u\000m\000e\000n\000t\000a\000c\000j\000a\000\040\000k\000l\000a\000s\000y\000\040\000T\000i\000m\000e\000r}{chapter.5}% 67
\BOOKMARK [2][-]{subsection.5.9.1}{\376\377\000O\000p\000i\000s\000\040\000s\000z\000c\000z\000e\000g\000\363\001\102\000o\000w\000y}{section.5.9}% 68
\BOOKMARK [2][-]{subsection.5.9.2}{\376\377\000D\000o\000k\000u\000m\000e\000n\000t\000a\000c\000j\000a\000\040\000k\000o\000n\000s\000t\000r\000u\000k\000t\000o\000r\000a\000\040\000i\000\040\000d\000e\000s\000t\000r\000u\000k\000t\000o\000r\000a}{section.5.9}% 69
\BOOKMARK [3][-]{subsubsection.5.9.2.1}{\376\377\000T\000i\000m\000e\000r}{subsection.5.9.2}% 70
\BOOKMARK [2][-]{subsection.5.9.3}{\376\377\000D\000o\000k\000u\000m\000e\000n\000t\000a\000c\000j\000a\000\040\000f\000u\000n\000k\000c\000j\000i\000\040\000s\000k\001\102\000a\000d\000o\000w\000y\000c\000h}{section.5.9}% 71
\BOOKMARK [3][-]{subsubsection.5.9.3.1}{\376\377\000d\000i\000f\000f\000T\000i\000m\000e\000M\000s}{subsection.5.9.3}% 72
\BOOKMARK [3][-]{subsubsection.5.9.3.2}{\376\377\000s\000t\000a\000r\000t\000T\000i\000m\000e\000r}{subsection.5.9.3}% 73
\BOOKMARK [3][-]{subsubsection.5.9.3.3}{\376\377\000s\000t\000o\000p\000T\000i\000m\000e\000r}{subsection.5.9.3}% 74
\BOOKMARK [0][-]{chapter.6}{\376\377\000D\000o\000k\000u\000m\000e\000n\000t\000a\000c\000j\000a\000\040\000p\000l\000i\000k\000\363\000w}{}% 75
\BOOKMARK [1][-]{section.6.1}{\376\377\000D\000o\000k\000u\000m\000e\000n\000t\000a\000c\000j\000a\000\040\000p\000l\000i\000k\000u\000\040\000i\000n\000c\000/\000A\000r\000r\000a\000y\000I\000m\000p\000l\000e\000m\000e\000n\000t\000a\000t\000i\000o\000n\000/\000L\000i\000s\000t\000.\000h}{chapter.6}% 76
\BOOKMARK [2][-]{subsection.6.1.1}{\376\377\000O\000p\000i\000s\000\040\000s\000z\000c\000z\000e\000g\000\363\001\102\000o\000w\000y}{section.6.1}% 77
\BOOKMARK [1][-]{section.6.2}{\376\377\000D\000o\000k\000u\000m\000e\000n\000t\000a\000c\000j\000a\000\040\000p\000l\000i\000k\000u\000\040\000i\000n\000c\000/\000L\000i\000n\000k\000e\000d\000L\000i\000s\000t\000I\000m\000p\000l\000e\000m\000e\000n\000t\000a\000t\000i\000o\000n\000/\000L\000i\000s\000t\000.\000h}{chapter.6}% 78
\BOOKMARK [2][-]{subsection.6.2.1}{\376\377\000O\000p\000i\000s\000\040\000s\000z\000c\000z\000e\000g\000\363\001\102\000o\000w\000y}{section.6.2}% 79
\BOOKMARK [1][-]{section.6.3}{\376\377\000D\000o\000k\000u\000m\000e\000n\000t\000a\000c\000j\000a\000\040\000p\000l\000i\000k\000u\000\040\000i\000n\000c\000/\000A\000r\000r\000a\000y\000I\000m\000p\000l\000e\000m\000e\000n\000t\000a\000t\000i\000o\000n\000/\000Q\000u\000e\000u\000e\000.\000h}{chapter.6}% 80
\BOOKMARK [2][-]{subsection.6.3.1}{\376\377\000O\000p\000i\000s\000\040\000s\000z\000c\000z\000e\000g\000\363\001\102\000o\000w\000y}{section.6.3}% 81
\BOOKMARK [1][-]{section.6.4}{\376\377\000D\000o\000k\000u\000m\000e\000n\000t\000a\000c\000j\000a\000\040\000p\000l\000i\000k\000u\000\040\000i\000n\000c\000/\000L\000i\000n\000k\000e\000d\000L\000i\000s\000t\000I\000m\000p\000l\000e\000m\000e\000n\000t\000a\000t\000i\000o\000n\000/\000Q\000u\000e\000u\000e\000.\000h}{chapter.6}% 82
\BOOKMARK [2][-]{subsection.6.4.1}{\376\377\000O\000p\000i\000s\000\040\000s\000z\000c\000z\000e\000g\000\363\001\102\000o\000w\000y}{section.6.4}% 83
\BOOKMARK [1][-]{section.6.5}{\376\377\000D\000o\000k\000u\000m\000e\000n\000t\000a\000c\000j\000a\000\040\000p\000l\000i\000k\000u\000\040\000i\000n\000c\000/\000A\000r\000r\000a\000y\000I\000m\000p\000l\000e\000m\000e\000n\000t\000a\000t\000i\000o\000n\000/\000S\000t\000a\000c\000k\000.\000h}{chapter.6}% 84
\BOOKMARK [2][-]{subsection.6.5.1}{\376\377\000O\000p\000i\000s\000\040\000s\000z\000c\000z\000e\000g\000\363\001\102\000o\000w\000y}{section.6.5}% 85
\BOOKMARK [1][-]{section.6.6}{\376\377\000D\000o\000k\000u\000m\000e\000n\000t\000a\000c\000j\000a\000\040\000p\000l\000i\000k\000u\000\040\000i\000n\000c\000/\000L\000i\000n\000k\000e\000d\000L\000i\000s\000t\000I\000m\000p\000l\000e\000m\000e\000n\000t\000a\000t\000i\000o\000n\000/\000S\000t\000a\000c\000k\000.\000h}{chapter.6}% 86
\BOOKMARK [2][-]{subsection.6.6.1}{\376\377\000O\000p\000i\000s\000\040\000s\000z\000c\000z\000e\000g\000\363\001\102\000o\000w\000y}{section.6.6}% 87
\BOOKMARK [1][-]{section.6.7}{\376\377\000D\000o\000k\000u\000m\000e\000n\000t\000a\000c\000j\000a\000\040\000p\000l\000i\000k\000u\000\040\000i\000n\000c\000/\000E\000l\000e\000m\000e\000n\000t\000.\000h}{chapter.6}% 88
\BOOKMARK [2][-]{subsection.6.7.1}{\376\377\000O\000p\000i\000s\000\040\000s\000z\000c\000z\000e\000g\000\363\001\102\000o\000w\000y}{section.6.7}% 89
\BOOKMARK [1][-]{section.6.8}{\376\377\000D\000o\000k\000u\000m\000e\000n\000t\000a\000c\000j\000a\000\040\000p\000l\000i\000k\000u\000\040\000i\000n\000c\000/\000T\000i\000m\000e\000r\000.\000h}{chapter.6}% 90
\BOOKMARK [2][-]{subsection.6.8.1}{\376\377\000O\000p\000i\000s\000\040\000s\000z\000c\000z\000e\000g\000\363\001\102\000o\000w\000y}{section.6.8}% 91
\BOOKMARK [1][-]{section.6.9}{\376\377\000D\000o\000k\000u\000m\000e\000n\000t\000a\000c\000j\000a\000\040\000p\000l\000i\000k\000u\000\040\000s\000r\000c\000/\000m\000a\000i\000n\000.\000c\000p\000p}{chapter.6}% 92
\BOOKMARK [2][-]{subsection.6.9.1}{\376\377\000O\000p\000i\000s\000\040\000s\000z\000c\000z\000e\000g\000\363\001\102\000o\000w\000y}{section.6.9}% 93
\BOOKMARK [1][-]{section.6.10}{\376\377\000D\000o\000k\000u\000m\000e\000n\000t\000a\000c\000j\000a\000\040\000p\000l\000i\000k\000u\000\040\000s\000r\000c\000/\000T\000i\000m\000e\000r\000.\000c\000p\000p}{chapter.6}% 94
\BOOKMARK [2][-]{subsection.6.10.1}{\376\377\000O\000p\000i\000s\000\040\000s\000z\000c\000z\000e\000g\000\363\001\102\000o\000w\000y}{section.6.10}% 95
\BOOKMARK [0][-]{section*.31}{\376\377\000I\000n\000d\000e\000k\000s}{}% 96
